2025-10-19 22:57:55, MOVE, v:1, k:poo@chinela, mode:PICK
2025-10-19 22:57:56, EXEC, v:1, k:poo@chinela, mode:LOCK, rate:100, size:0
2025-10-19 22:57:57, MOVE, v:1, k:poo@chinela, mode:BACK
2025-10-19 22:58:59, MOVE, v:1, k:poo@chinela, mode:PICK
2025-10-19 22:59:00, EXEC, v:1, k:poo@chinela, mode:LOCK, rate:0, size:5
2025-10-19 22:59:00, MOVE, v:1, k:poo@chinela, mode:BACK
2025-10-19 22:59:12, MOVE, v:1, k:poo@chinela, mode:PICK
2025-10-19 22:59:12, EXEC, v:1, k:poo@chinela, mode:LOCK, rate:100, size:6
2025-10-19 22:59:52, EXEC, v:1, k:poo@chinela, mode:LOCK, rate:0, size:8
2025-10-19 22:59:56, EXEC, v:1, k:poo@chinela, mode:LOCK, rate:100, size:8
2025-10-19 23:00:21, EXEC, v:1, k:poo@chinela, mode:LOCK, rate:100, size:9
2025-10-19 23:01:33, EXEC, v:1, k:poo@chinela, mode:LOCK, rate:100, size:9
2025-10-19 23:02:00, EXEC, v:1, k:poo@chinela, mode:LOCK, rate:100, size:9
2025-10-19 23:02:00, EXEC, v:1, k:poo@chinela, mode:LOCK, rate:100, size:9
2025-10-19 23:02:45, EXEC, v:1, k:poo@chinela, mode:LOCK, rate:0, size:13
2025-10-19 23:02:45, EXEC, v:1, k:poo@chinela, mode:LOCK, rate:0, size:13
2025-10-19 23:02:55, EXEC, v:1, k:poo@chinela, mode:LOCK, rate:0, size:11
2025-10-19 23:03:05, EXEC, v:1, k:poo@chinela, mode:LOCK, rate:100, size:11
2025-10-19 23:04:15, EXEC, v:1, k:poo@chinela, mode:LOCK, rate:0, size:14
2025-10-19 23:04:18, EXEC, v:1, k:poo@chinela, mode:LOCK, rate:0
2025-10-19 23:04:20, EXEC, v:1, k:poo@chinela, mode:LOCK, rate:0
2025-10-19 23:04:20, MOVE, v:1, k:poo@chinela, mode:BACK
2025-10-19 23:04:20, MOVE, v:1, k:poo@chinela, mode:PICK
2025-10-19 23:04:20, MOVE, v:1, k:poo@chinela, mode:BACK
2025-10-19 23:04:24, MOVE, v:1, k:poo@chinela, mode:PICK
2025-10-19 23:04:27, EXEC, v:1, k:poo@chinela, mode:LOCK, rate:0
2025-10-19 23:04:33, EXEC, v:1, k:poo@chinela, mode:LOCK, rate:0
2025-10-19 23:04:35, EXEC, v:1, k:poo@chinela, mode:LOCK, rate:100, size:11
2025-10-19 23:04:36, MOVE, v:1, k:poo@chinela, mode:BACK
2025-10-19 23:05:02, MOVE, v:1, k:poo@chinela, mode:PICK
2025-10-19 23:05:02, EXEC, v:1, k:poo@chinela, mode:LOCK, rate:0, size:16
2025-10-19 23:05:05, MOVE, v:1, k:poo@chinela, mode:BACK
2025-10-19 23:05:29, MOVE, v:1, k:poo@chinela, mode:PICK
2025-10-19 23:05:30, EXEC, v:1, k:poo@chinela, mode:LOCK, rate:0, size:16
2025-10-19 23:05:30, MOVE, v:1, k:poo@chinela, mode:BACK
2025-10-19 23:05:36, MOVE, v:1, k:poo@chinela, mode:PICK
2025-10-19 23:05:37, EXEC, v:1, k:poo@chinela, mode:LOCK, rate:0, size:16
2025-10-19 23:06:11, EXEC, v:1, k:poo@chinela, mode:LOCK, rate:0, size:16
2025-10-19 23:07:25, EXEC, v:1, k:poo@chinela, mode:LOCK, rate:0, size:18
2025-10-19 23:07:38, EXEC, v:1, k:poo@chinela, mode:LOCK, rate:0
2025-10-19 23:08:05, EXEC, v:1, k:poo@chinela, mode:LOCK, rate:0, size:20
2025-10-19 23:08:14, EXEC, v:1, k:poo@chinela, mode:LOCK, rate:0, size:20
2025-10-19 23:08:53, EXEC, v:1, k:poo@chinela, mode:LOCK, rate:0, size:22
2025-10-19 23:08:57, EXEC, v:1, k:poo@chinela, mode:LOCK, rate:0
2025-10-19 23:09:03, MOVE, v:1, k:poo@chinela, mode:BACK
2025-10-19 23:09:33, MOVE, v:1, k:poo@chinela, mode:PICK
2025-10-19 23:09:35, EXEC, v:1, k:poo@chinela, mode:LOCK, rate:0, size:24
2025-10-19 23:09:45, EXEC, v:1, k:poo@chinela, mode:LOCK, rate:0, size:20
2025-10-19 23:09:47, EXEC, v:1, k:poo@chinela, mode:LOCK, rate:0
2025-10-19 23:09:48, EXEC, v:1, k:poo@chinela, mode:LOCK, rate:0
2025-10-19 23:09:49, EXEC, v:1, k:poo@chinela, mode:LOCK, rate:0
2025-10-19 23:09:49, EXEC, v:1, k:poo@chinela, mode:LOCK, rate:0
2025-10-19 23:10:24, EXEC, v:1, k:poo@chinela, mode:LOCK, rate:0, size:23
2025-10-19 23:10:47, EXEC, v:1, k:poo@chinela, mode:LOCK, rate:0, size:24
2025-10-19 23:10:48, EXEC, v:1, k:poo@chinela, mode:LOCK, rate:0
2025-10-19 23:10:48, EXEC, v:1, k:poo@chinela, mode:LOCK, rate:0
2025-10-19 23:10:49, EXEC, v:1, k:poo@chinela, mode:LOCK, rate:0
2025-10-19 23:10:49, EXEC, v:1, k:poo@chinela, mode:LOCK, rate:0
2025-10-19 23:10:49, EXEC, v:1, k:poo@chinela, mode:LOCK, rate:0
2025-10-19 23:10:49, EXEC, v:1, k:poo@chinela, mode:LOCK, rate:0
2025-10-19 23:12:31, EXEC, v:1, k:poo@chinela, mode:LOCK, rate:0, size:18
2025-10-19 23:12:32, EXEC, v:1, k:poo@chinela, mode:LOCK, rate:0
2025-10-19 23:15:04, EXEC, v:1, k:poo@chinela, mode:LOCK, rate:0, size:24
2025-10-19 23:15:55, EXEC, v:1, k:poo@chinela, mode:LOCK, rate:100, size:17
2025-10-19 23:17:14, EXEC, v:1, k:poo@chinela, mode:LOCK, rate:0, size:23
2025-10-19 23:18:01, EXEC, v:1, k:poo@chinela, mode:LOCK, rate:0, size:23
2025-10-19 23:18:41, EXEC, v:1, k:poo@chinela, mode:LOCK, rate:0
2025-10-19 23:18:41, EXEC, v:1, k:poo@chinela, mode:LOCK, rate:0
2025-10-19 23:18:41, EXEC, v:1, k:poo@chinela, mode:LOCK, rate:0
2025-10-19 23:18:44, MOVE, v:1, k:poo@chinela, mode:BACK
2025-10-19 23:18:52, MOVE, v:1, k:poo@chinela, mode:PICK
2025-10-19 23:18:55, EXEC, v:1, k:poo@chinela, mode:LOCK, rate:0
2025-10-19 23:18:56, MOVE, v:1, k:poo@chinela, mode:BACK
2025-10-19 23:19:42, SELF, v:1, k:poo@chinela, rate:60, iagen:_, other:_, alone:6, study:20
